<?xml version="1.0" encoding="UTF-8"?>
<!-- Generated by org.testng.reporters.JUnitReportReporter -->
<testsuite hostname="DESKTOP-N3E38ST" failures="0" tests="2" name="Testng_advantages.Disable_TC_using_suite" time="0.060" errors="0" timestamp="2022-09-01T04:16:51 IST" skipped="0">
  <testcase classname="Testng_advantages.Disable_TC_using_suite" name="TC2" time="0.006"/>
  <system-out>
    <![CDATA[running tc2]]>
  </system-out>
  <testcase classname="Testng_advantages.Disable_TC_using_suite" name="TC1" time="0.054"/>
  <system-out>
    <![CDATA[running tc1]]>
  </system-out>
</testsuite> <!-- Testng_advantages.Disable_TC_using_suite -->
