<?xml version="1.0" encoding="UTF-8"?>
<!-- Generated by org.testng.reporters.JUnitReportReporter -->
<testsuite hostname="DESKTOP-N3E38ST" failures="0" tests="1" name="Testng_advantages.Emailable" time="0.041" errors="0" timestamp="2022-09-01T04:17:11 IST" skipped="0">
  <testcase classname="Testng_advantages.Emailable" name="TC" time="0.041"/>
  <system-out>
    <![CDATA[HII]]>
  </system-out>
</testsuite> <!-- Testng_advantages.Emailable -->
